<?xml version="1.0" encoding="UTF-8"?>
<!-- Generated by org.testng.reporters.JUnitReportReporter -->
<testsuite hostname="LAPTOP-FTNGIE46" failures="0" tests="1" name="Testcases.Test1" time="17.271" errors="0" timestamp="2024-11-08T02:09:08 IST" skipped="0">
  <testcase classname="Testcases.Test1" name="Open" time="17.271"/>
  <system-out/>
</testsuite> <!-- Testcases.Test1 -->
