<?xml version="1.0" encoding="UTF-8"?>
<!-- Generated by org.testng.reporters.JUnitReportReporter -->
<testsuite hostname="LAPTOP-FTNGIE46" failures="0" tests="1" name="Testcases.Test2" time="6.991" errors="0" timestamp="2024-11-08T02:09:26 IST" skipped="0">
  <testcase classname="Testcases.Test2" name="Open" time="6.991"/>
  <system-out/>
</testsuite> <!-- Testcases.Test2 -->
